[Shell] 2018-05-17 00:25:24 [main] INFO  o.p.SpringShellJavaApplication: Starting SpringShellJavaApplication on DESKTOP-A83HJIE with PID 4484 (E:\12-myFolder\25_spring-shell-java\spring-shell-java\target\classes started by poem in E:\12-myFolder\25_spring-shell-java\spring-shell-java)
[Shell] 2018-05-17 00:25:24 [main] INFO  o.p.SpringShellJavaApplication: No active profile set, falling back to default profiles: default
[Shell] 2018-05-17 00:25:25 [main] INFO  o.p.SpringShellJavaApplication: Started SpringShellJavaApplication in 0.766 seconds (JVM running for 2.716)
[Shell] 2018-05-17 00:27:20 [main] INFO  o.p.SpringShellJavaApplication: Starting SpringShellJavaApplication on DESKTOP-A83HJIE with PID 2792 (E:\12-myFolder\25_spring-shell-java\spring-shell-java\target\classes started by poem in E:\12-myFolder\25_spring-shell-java\spring-shell-java)
[Shell] 2018-05-17 00:27:20 [main] INFO  o.p.SpringShellJavaApplication: No active profile set, falling back to default profiles: default
[Shell] 2018-05-17 00:27:20 [main] INFO  o.p.SpringShellJavaApplication: Started SpringShellJavaApplication in 0.969 seconds (JVM running for 1.625)
[Shell] 2018-05-17 00:27:36 [main] INFO  o.p.SpringShellJavaApplication: Starting SpringShellJavaApplication on DESKTOP-A83HJIE with PID 6068 (E:\12-myFolder\25_spring-shell-java\spring-shell-java\target\classes started by poem in E:\12-myFolder\25_spring-shell-java\spring-shell-java)
[Shell] 2018-05-17 00:27:36 [main] INFO  o.p.SpringShellJavaApplication: No active profile set, falling back to default profiles: default
[Shell] 2018-05-17 00:27:36 [main] INFO  o.p.SpringShellJavaApplication: Started SpringShellJavaApplication in 0.906 seconds (JVM running for 1.637)
[Shell] 2018-05-17 00:27:52 [main] INFO  o.p.SpringShellJavaApplication: Starting SpringShellJavaApplication on DESKTOP-A83HJIE with PID 2780 (E:\12-myFolder\25_spring-shell-java\spring-shell-java\target\classes started by poem in E:\12-myFolder\25_spring-shell-java\spring-shell-java)
[Shell] 2018-05-17 00:27:52 [main] INFO  o.p.SpringShellJavaApplication: No active profile set, falling back to default profiles: default
[Shell] 2018-05-17 00:27:53 [main] INFO  o.p.SpringShellJavaApplication: Started SpringShellJavaApplication in 0.844 seconds (JVM running for 1.52)
[Shell] 2018-05-17 00:28:09 [main] INFO  o.p.SpringShellJavaApplication: Starting SpringShellJavaApplication on DESKTOP-A83HJIE with PID 1708 (E:\12-myFolder\25_spring-shell-java\spring-shell-java\target\classes started by poem in E:\12-myFolder\25_spring-shell-java\spring-shell-java)
[Shell] 2018-05-17 00:28:09 [main] INFO  o.p.SpringShellJavaApplication: No active profile set, falling back to default profiles: default
[Shell] 2018-05-17 00:28:09 [main] INFO  o.p.SpringShellJavaApplication: Started SpringShellJavaApplication in 0.86 seconds (JVM running for 1.51)
[Shell] 2018-05-17 00:32:42 [main] INFO  o.p.SpringShellJavaApplication: Starting SpringShellJavaApplication on DESKTOP-A83HJIE with PID 492 (E:\12-myFolder\25_spring-shell-java\spring-shell-java\target\classes started by poem in E:\12-myFolder\25_spring-shell-java\spring-shell-java)
[Shell] 2018-05-17 00:32:42 [main] INFO  o.p.SpringShellJavaApplication: No active profile set, falling back to default profiles: default
[Shell] 2018-05-17 00:32:43 [main] INFO  o.p.SpringShellJavaApplication: Started SpringShellJavaApplication in 0.86 seconds (JVM running for 1.495)
[Shell] 2018-05-17 00:33:02 [main] INFO  o.p.SpringShellJavaApplication: Starting SpringShellJavaApplication on DESKTOP-A83HJIE with PID 7156 (E:\12-myFolder\25_spring-shell-java\spring-shell-java\target\classes started by poem in E:\12-myFolder\25_spring-shell-java\spring-shell-java)
[Shell] 2018-05-17 00:33:02 [main] INFO  o.p.SpringShellJavaApplication: No active profile set, falling back to default profiles: default
[Shell] 2018-05-17 00:33:02 [main] INFO  o.p.SpringShellJavaApplication: Started SpringShellJavaApplication in 0.875 seconds (JVM running for 1.483)
[Shell] 2018-05-17 00:33:39 [main] INFO  o.p.SpringShellJavaApplication: Starting SpringShellJavaApplication on DESKTOP-A83HJIE with PID 7000 (E:\12-myFolder\25_spring-shell-java\spring-shell-java\target\classes started by poem in E:\12-myFolder\25_spring-shell-java\spring-shell-java)
[Shell] 2018-05-17 00:33:39 [main] INFO  o.p.SpringShellJavaApplication: No active profile set, falling back to default profiles: default
[Shell] 2018-05-17 00:33:39 [main] INFO  o.p.SpringShellJavaApplication: Started SpringShellJavaApplication in 0.828 seconds (JVM running for 1.493)
[Shell] 2018-05-17 00:37:06 [main] INFO  o.p.SpringShellJavaApplication: Starting SpringShellJavaApplication on DESKTOP-A83HJIE with PID 3468 (E:\12-myFolder\25_spring-shell-java\spring-shell-java\target\classes started by poem in E:\12-myFolder\25_spring-shell-java\spring-shell-java)
[Shell] 2018-05-17 00:37:06 [main] INFO  o.p.SpringShellJavaApplication: No active profile set, falling back to default profiles: default
[Shell] 2018-05-17 00:37:07 [main] INFO  o.p.SpringShellJavaApplication: Started SpringShellJavaApplication in 0.859 seconds (JVM running for 1.519)
[Shell] 2018-05-17 00:39:38 [main] INFO  o.p.SpringShellJavaApplication: Starting SpringShellJavaApplication on DESKTOP-A83HJIE with PID 5956 (E:\12-myFolder\25_spring-shell-java\spring-shell-java\target\classes started by poem in E:\12-myFolder\25_spring-shell-java\spring-shell-java)
[Shell] 2018-05-17 00:39:38 [main] INFO  o.p.SpringShellJavaApplication: No active profile set, falling back to default profiles: default
[Shell] 2018-05-17 00:39:38 [main] INFO  o.p.SpringShellJavaApplication: Started SpringShellJavaApplication in 0.836 seconds (JVM running for 1.498)
[Shell] 2018-05-17 00:40:12 [main] INFO  o.p.SpringShellJavaApplication: Starting SpringShellJavaApplication on DESKTOP-A83HJIE with PID 3256 (E:\12-myFolder\25_spring-shell-java\spring-shell-java\target\classes started by poem in E:\12-myFolder\25_spring-shell-java\spring-shell-java)
[Shell] 2018-05-17 00:40:12 [main] INFO  o.p.SpringShellJavaApplication: No active profile set, falling back to default profiles: default
[Shell] 2018-05-17 00:40:13 [main] INFO  o.p.SpringShellJavaApplication: Started SpringShellJavaApplication in 0.859 seconds (JVM running for 1.493)
[Shell] 2018-05-17 00:40:42 [main] INFO  o.p.SpringShellJavaApplication: Starting SpringShellJavaApplication on DESKTOP-A83HJIE with PID 4380 (E:\12-myFolder\25_spring-shell-java\spring-shell-java\target\classes started by poem in E:\12-myFolder\25_spring-shell-java\spring-shell-java)
[Shell] 2018-05-17 00:40:42 [main] INFO  o.p.SpringShellJavaApplication: No active profile set, falling back to default profiles: default
[Shell] 2018-05-17 00:40:43 [main] INFO  o.p.SpringShellJavaApplication: Started SpringShellJavaApplication in 0.844 seconds (JVM running for 1.501)
[Shell] 2018-05-17 00:41:40 [main] INFO  o.p.SpringShellJavaApplication: Starting SpringShellJavaApplication on DESKTOP-A83HJIE with PID 6972 (E:\12-myFolder\25_spring-shell-java\spring-shell-java\target\classes started by poem in E:\12-myFolder\25_spring-shell-java\spring-shell-java)
[Shell] 2018-05-17 00:41:40 [main] INFO  o.p.SpringShellJavaApplication: No active profile set, falling back to default profiles: default
[Shell] 2018-05-17 00:41:41 [main] INFO  o.p.SpringShellJavaApplication: Started SpringShellJavaApplication in 0.868 seconds (JVM running for 1.482)
[Shell] 2018-05-17 00:42:08 [main] INFO  o.p.SpringShellJavaApplication: Starting SpringShellJavaApplication on DESKTOP-A83HJIE with PID 5244 (E:\12-myFolder\25_spring-shell-java\spring-shell-java\target\classes started by poem in E:\12-myFolder\25_spring-shell-java\spring-shell-java)
[Shell] 2018-05-17 00:42:08 [main] INFO  o.p.SpringShellJavaApplication: No active profile set, falling back to default profiles: default
[Shell] 2018-05-17 00:42:08 [main] INFO  o.p.SpringShellJavaApplication: Started SpringShellJavaApplication in 0.843 seconds (JVM running for 1.54)
[Shell] 2018-05-17 00:46:21 [main] INFO  o.p.SpringShellJavaApplication: Starting SpringShellJavaApplication on DESKTOP-A83HJIE with PID 4132 (E:\12-myFolder\25_spring-shell-java\spring-shell-java\target\classes started by poem in E:\12-myFolder\25_spring-shell-java\spring-shell-java)
[Shell] 2018-05-17 00:46:21 [main] INFO  o.p.SpringShellJavaApplication: No active profile set, falling back to default profiles: default
[Shell] 2018-05-17 00:46:46 [main] INFO  o.p.SpringShellJavaApplication: Started SpringShellJavaApplication in 25.097 seconds (JVM running for 25.775)
[Shell] 2018-05-17 00:54:21 [main] INFO  o.p.SpringShellJavaApplication: Starting SpringShellJavaApplication on DESKTOP-A83HJIE with PID 5280 (E:\12-myFolder\25_spring-shell-java\spring-shell-java\target\classes started by poem in E:\12-myFolder\25_spring-shell-java\spring-shell-java)
[Shell] 2018-05-17 00:54:21 [main] INFO  o.p.SpringShellJavaApplication: No active profile set, falling back to default profiles: default
[Shell] 2018-05-17 00:54:22 [main] ERROR o.s.b.SpringApplication: Application run failed
org.springframework.beans.factory.BeanCreationException: Error creating bean with name 'methodTargetRegistrar': Invocation of init method failed; nested exception is java.lang.IllegalArgumentException: Illegal registration for command 'method2': Attempt to register both parameter short Name -'public void org.poem.shell.TestCommand.method(java.lang.String,java.lang.String,java.lang.String) throws java.io.FileNotFoundException' and -'public void org.poem.shell.TestCommand.method(java.lang.String,java.lang.String,java.lang.String) throws java.io.FileNotFoundException'
	at org.springframework.beans.factory.annotation.InitDestroyAnnotationBeanPostProcessor.postProcessBeforeInitialization(InitDestroyAnnotationBeanPostProcessor.java:138)
	at org.springframework.beans.factory.support.AbstractAutowireCapableBeanFactory.applyBeanPostProcessorsBeforeInitialization(AbstractAutowireCapableBeanFactory.java:422)
	at org.springframework.beans.factory.support.AbstractAutowireCapableBeanFactory.initializeBean(AbstractAutowireCapableBeanFactory.java:1698)
	at org.springframework.beans.factory.support.AbstractAutowireCapableBeanFactory.doCreateBean(AbstractAutowireCapableBeanFactory.java:579)
	at org.springframework.beans.factory.support.AbstractAutowireCapableBeanFactory.createBean(AbstractAutowireCapableBeanFactory.java:501)
	at org.springframework.beans.factory.support.AbstractBeanFactory.lambda$doGetBean$0(AbstractBeanFactory.java:317)
	at org.springframework.beans.factory.support.DefaultSingletonBeanRegistry.getSingleton(DefaultSingletonBeanRegistry.java:228)
	at org.springframework.beans.factory.support.AbstractBeanFactory.doGetBean(AbstractBeanFactory.java:315)
	at org.springframework.beans.factory.support.AbstractBeanFactory.getBean(AbstractBeanFactory.java:199)
	at org.springframework.beans.factory.support.DefaultListableBeanFactory.preInstantiateSingletons(DefaultListableBeanFactory.java:760)
	at org.springframework.context.support.AbstractApplicationContext.finishBeanFactoryInitialization(AbstractApplicationContext.java:869)
	at org.springframework.context.support.AbstractApplicationContext.refresh(AbstractApplicationContext.java:550)
	at org.springframework.boot.SpringApplication.refresh(SpringApplication.java:759)
	at org.springframework.boot.SpringApplication.refreshContext(SpringApplication.java:395)
	at org.springframework.boot.SpringApplication.run(SpringApplication.java:327)
	at org.springframework.boot.SpringApplication.run(SpringApplication.java:1255)
	at org.springframework.boot.SpringApplication.run(SpringApplication.java:1243)
	at org.poem.SpringShellJavaApplication.main(SpringShellJavaApplication.java:10)
Caused by: java.lang.IllegalArgumentException: Illegal registration for command 'method2': Attempt to register both parameter short Name -'public void org.poem.shell.TestCommand.method(java.lang.String,java.lang.String,java.lang.String) throws java.io.FileNotFoundException' and -'public void org.poem.shell.TestCommand.method(java.lang.String,java.lang.String,java.lang.String) throws java.io.FileNotFoundException'
	at org.poem.config.ShellMethodTargetRegistrar$1.validateShortName(ShellMethodTargetRegistrar.java:114)
	at org.poem.config.ShellMethodTargetRegistrar$1.doWith(ShellMethodTargetRegistrar.java:81)
	at org.springframework.util.ReflectionUtils.doWithMethods(ReflectionUtils.java:562)
	at org.poem.config.ShellMethodTargetRegistrar.register(ShellMethodTargetRegistrar.java:65)
	at sun.reflect.NativeMethodAccessorImpl.invoke0(Native Method)
	at sun.reflect.NativeMethodAccessorImpl.invoke(NativeMethodAccessorImpl.java:62)
	at sun.reflect.DelegatingMethodAccessorImpl.invoke(DelegatingMethodAccessorImpl.java:43)
	at java.lang.reflect.Method.invoke(Method.java:498)
	at org.springframework.beans.factory.annotation.InitDestroyAnnotationBeanPostProcessor$LifecycleElement.invoke(InitDestroyAnnotationBeanPostProcessor.java:365)
	at org.springframework.beans.factory.annotation.InitDestroyAnnotationBeanPostProcessor$LifecycleMetadata.invokeInitMethods(InitDestroyAnnotationBeanPostProcessor.java:308)
	at org.springframework.beans.factory.annotation.InitDestroyAnnotationBeanPostProcessor.postProcessBeforeInitialization(InitDestroyAnnotationBeanPostProcessor.java:135)
	... 17 common frames omitted
[Shell] 2018-05-17 00:57:37 [main] INFO  o.p.SpringShellJavaApplication: Starting SpringShellJavaApplication on DESKTOP-A83HJIE with PID 4992 (E:\12-myFolder\25_spring-shell-java\spring-shell-java\target\classes started by poem in E:\12-myFolder\25_spring-shell-java\spring-shell-java)
[Shell] 2018-05-17 00:57:37 [main] INFO  o.p.SpringShellJavaApplication: No active profile set, falling back to default profiles: default
[Shell] 2018-05-17 00:57:38 [main] ERROR o.s.b.SpringApplication: Application run failed
org.springframework.beans.factory.BeanCreationException: Error creating bean with name 'methodTargetRegistrar': Invocation of init method failed; nested exception is java.lang.IllegalArgumentException: Illegal registration for class  'testCommand' , method 'public void org.poem.shell.TestCommand.method(java.lang.String,java.lang.String,java.lang.String) throws java.io.FileNotFoundException': Attempt to register both parameter short Name -'i' and -'i'
	at org.springframework.beans.factory.annotation.InitDestroyAnnotationBeanPostProcessor.postProcessBeforeInitialization(InitDestroyAnnotationBeanPostProcessor.java:138)
	at org.springframework.beans.factory.support.AbstractAutowireCapableBeanFactory.applyBeanPostProcessorsBeforeInitialization(AbstractAutowireCapableBeanFactory.java:422)
	at org.springframework.beans.factory.support.AbstractAutowireCapableBeanFactory.initializeBean(AbstractAutowireCapableBeanFactory.java:1698)
	at org.springframework.beans.factory.support.AbstractAutowireCapableBeanFactory.doCreateBean(AbstractAutowireCapableBeanFactory.java:579)
	at org.springframework.beans.factory.support.AbstractAutowireCapableBeanFactory.createBean(AbstractAutowireCapableBeanFactory.java:501)
	at org.springframework.beans.factory.support.AbstractBeanFactory.lambda$doGetBean$0(AbstractBeanFactory.java:317)
	at org.springframework.beans.factory.support.DefaultSingletonBeanRegistry.getSingleton(DefaultSingletonBeanRegistry.java:228)
	at org.springframework.beans.factory.support.AbstractBeanFactory.doGetBean(AbstractBeanFactory.java:315)
	at org.springframework.beans.factory.support.AbstractBeanFactory.getBean(AbstractBeanFactory.java:199)
	at org.springframework.beans.factory.support.DefaultListableBeanFactory.preInstantiateSingletons(DefaultListableBeanFactory.java:760)
	at org.springframework.context.support.AbstractApplicationContext.finishBeanFactoryInitialization(AbstractApplicationContext.java:869)
	at org.springframework.context.support.AbstractApplicationContext.refresh(AbstractApplicationContext.java:550)
	at org.springframework.boot.SpringApplication.refresh(SpringApplication.java:759)
	at org.springframework.boot.SpringApplication.refreshContext(SpringApplication.java:395)
	at org.springframework.boot.SpringApplication.run(SpringApplication.java:327)
	at org.springframework.boot.SpringApplication.run(SpringApplication.java:1255)
	at org.springframework.boot.SpringApplication.run(SpringApplication.java:1243)
	at org.poem.SpringShellJavaApplication.main(SpringShellJavaApplication.java:10)
Caused by: java.lang.IllegalArgumentException: Illegal registration for class  'testCommand' , method 'public void org.poem.shell.TestCommand.method(java.lang.String,java.lang.String,java.lang.String) throws java.io.FileNotFoundException': Attempt to register both parameter short Name -'i' and -'i'
	at org.poem.config.ShellMethodTargetRegistrar$1.validateShortName(ShellMethodTargetRegistrar.java:114)
	at org.poem.config.ShellMethodTargetRegistrar$1.doWith(ShellMethodTargetRegistrar.java:81)
	at org.springframework.util.ReflectionUtils.doWithMethods(ReflectionUtils.java:562)
	at org.poem.config.ShellMethodTargetRegistrar.register(ShellMethodTargetRegistrar.java:65)
	at sun.reflect.NativeMethodAccessorImpl.invoke0(Native Method)
	at sun.reflect.NativeMethodAccessorImpl.invoke(NativeMethodAccessorImpl.java:62)
	at sun.reflect.DelegatingMethodAccessorImpl.invoke(DelegatingMethodAccessorImpl.java:43)
	at java.lang.reflect.Method.invoke(Method.java:498)
	at org.springframework.beans.factory.annotation.InitDestroyAnnotationBeanPostProcessor$LifecycleElement.invoke(InitDestroyAnnotationBeanPostProcessor.java:365)
	at org.springframework.beans.factory.annotation.InitDestroyAnnotationBeanPostProcessor$LifecycleMetadata.invokeInitMethods(InitDestroyAnnotationBeanPostProcessor.java:308)
	at org.springframework.beans.factory.annotation.InitDestroyAnnotationBeanPostProcessor.postProcessBeforeInitialization(InitDestroyAnnotationBeanPostProcessor.java:135)
	... 17 common frames omitted
[Shell] 2018-05-17 00:58:51 [main] INFO  o.p.SpringShellJavaApplication: Starting SpringShellJavaApplication on DESKTOP-A83HJIE with PID 4216 (E:\12-myFolder\25_spring-shell-java\spring-shell-java\target\classes started by poem in E:\12-myFolder\25_spring-shell-java\spring-shell-java)
[Shell] 2018-05-17 00:58:51 [main] INFO  o.p.SpringShellJavaApplication: No active profile set, falling back to default profiles: default
[Shell] 2018-05-17 00:58:51 [main] ERROR o.s.b.SpringApplication: Application run failed
org.springframework.beans.factory.BeanCreationException: Error creating bean with name 'methodTargetRegistrar': Invocation of init method failed; nested exception is java.lang.IllegalArgumentException: Illegal registration for command 'method2': Attempt to register both 'public void org.poem.shell.TestCommand.method(java.lang.String,java.lang.String,java.lang.String) throws java.io.FileNotFoundException' and 'public void org.poem.shell.TestCommand.method2(java.lang.String,java.lang.String,java.lang.String,java.lang.String,java.lang.String) throws java.io.FileNotFoundException'
	at org.springframework.beans.factory.annotation.InitDestroyAnnotationBeanPostProcessor.postProcessBeforeInitialization(InitDestroyAnnotationBeanPostProcessor.java:138)
	at org.springframework.beans.factory.support.AbstractAutowireCapableBeanFactory.applyBeanPostProcessorsBeforeInitialization(AbstractAutowireCapableBeanFactory.java:422)
	at org.springframework.beans.factory.support.AbstractAutowireCapableBeanFactory.initializeBean(AbstractAutowireCapableBeanFactory.java:1698)
	at org.springframework.beans.factory.support.AbstractAutowireCapableBeanFactory.doCreateBean(AbstractAutowireCapableBeanFactory.java:579)
	at org.springframework.beans.factory.support.AbstractAutowireCapableBeanFactory.createBean(AbstractAutowireCapableBeanFactory.java:501)
	at org.springframework.beans.factory.support.AbstractBeanFactory.lambda$doGetBean$0(AbstractBeanFactory.java:317)
	at org.springframework.beans.factory.support.DefaultSingletonBeanRegistry.getSingleton(DefaultSingletonBeanRegistry.java:228)
	at org.springframework.beans.factory.support.AbstractBeanFactory.doGetBean(AbstractBeanFactory.java:315)
	at org.springframework.beans.factory.support.AbstractBeanFactory.getBean(AbstractBeanFactory.java:199)
	at org.springframework.beans.factory.support.DefaultListableBeanFactory.preInstantiateSingletons(DefaultListableBeanFactory.java:760)
	at org.springframework.context.support.AbstractApplicationContext.finishBeanFactoryInitialization(AbstractApplicationContext.java:869)
	at org.springframework.context.support.AbstractApplicationContext.refresh(AbstractApplicationContext.java:550)
	at org.springframework.boot.SpringApplication.refresh(SpringApplication.java:759)
	at org.springframework.boot.SpringApplication.refreshContext(SpringApplication.java:395)
	at org.springframework.boot.SpringApplication.run(SpringApplication.java:327)
	at org.springframework.boot.SpringApplication.run(SpringApplication.java:1255)
	at org.springframework.boot.SpringApplication.run(SpringApplication.java:1243)
	at org.poem.SpringShellJavaApplication.main(SpringShellJavaApplication.java:10)
Caused by: java.lang.IllegalArgumentException: Illegal registration for command 'method2': Attempt to register both 'public void org.poem.shell.TestCommand.method(java.lang.String,java.lang.String,java.lang.String) throws java.io.FileNotFoundException' and 'public void org.poem.shell.TestCommand.method2(java.lang.String,java.lang.String,java.lang.String,java.lang.String,java.lang.String) throws java.io.FileNotFoundException'
	at org.poem.config.ShellMethodTargetRegistrar$1.doWith(ShellMethodTargetRegistrar.java:75)
	at org.springframework.util.ReflectionUtils.doWithMethods(ReflectionUtils.java:562)
	at org.poem.config.ShellMethodTargetRegistrar.register(ShellMethodTargetRegistrar.java:65)
	at sun.reflect.NativeMethodAccessorImpl.invoke0(Native Method)
	at sun.reflect.NativeMethodAccessorImpl.invoke(NativeMethodAccessorImpl.java:62)
	at sun.reflect.DelegatingMethodAccessorImpl.invoke(DelegatingMethodAccessorImpl.java:43)
	at java.lang.reflect.Method.invoke(Method.java:498)
	at org.springframework.beans.factory.annotation.InitDestroyAnnotationBeanPostProcessor$LifecycleElement.invoke(InitDestroyAnnotationBeanPostProcessor.java:365)
	at org.springframework.beans.factory.annotation.InitDestroyAnnotationBeanPostProcessor$LifecycleMetadata.invokeInitMethods(InitDestroyAnnotationBeanPostProcessor.java:308)
	at org.springframework.beans.factory.annotation.InitDestroyAnnotationBeanPostProcessor.postProcessBeforeInitialization(InitDestroyAnnotationBeanPostProcessor.java:135)
	... 17 common frames omitted
[Shell] 2018-05-17 00:59:15 [main] INFO  o.p.SpringShellJavaApplication: Starting SpringShellJavaApplication on DESKTOP-A83HJIE with PID 5868 (E:\12-myFolder\25_spring-shell-java\spring-shell-java\target\classes started by poem in E:\12-myFolder\25_spring-shell-java\spring-shell-java)
[Shell] 2018-05-17 00:59:15 [main] INFO  o.p.SpringShellJavaApplication: No active profile set, falling back to default profiles: default
[Shell] 2018-05-17 00:59:16 [main] INFO  o.p.SpringShellJavaApplication: Started SpringShellJavaApplication in 0.844 seconds (JVM running for 1.485)
[Shell] 2018-05-17 01:00:16 [main] INFO  o.p.SpringShellJavaApplication: Starting SpringShellJavaApplication on DESKTOP-A83HJIE with PID 4372 (E:\12-myFolder\25_spring-shell-java\spring-shell-java\target\classes started by poem in E:\12-myFolder\25_spring-shell-java\spring-shell-java)
[Shell] 2018-05-17 01:00:16 [main] INFO  o.p.SpringShellJavaApplication: No active profile set, falling back to default profiles: default
[Shell] 2018-05-17 01:00:16 [main] ERROR o.s.b.SpringApplication: Application run failed
org.springframework.beans.factory.BeanCreationException: Error creating bean with name 'methodTargetRegistrar': Invocation of init method failed; nested exception is java.lang.IllegalArgumentException: Illegal registration for class  'testCommand' , method 'public void org.poem.shell.TestCommand.method(java.lang.String,java.lang.String,java.lang.String) throws java.io.FileNotFoundException': Attempt to register both parameter short Name 'i'(i) and 'id'(id)
	at org.springframework.beans.factory.annotation.InitDestroyAnnotationBeanPostProcessor.postProcessBeforeInitialization(InitDestroyAnnotationBeanPostProcessor.java:138)
	at org.springframework.beans.factory.support.AbstractAutowireCapableBeanFactory.applyBeanPostProcessorsBeforeInitialization(AbstractAutowireCapableBeanFactory.java:422)
	at org.springframework.beans.factory.support.AbstractAutowireCapableBeanFactory.initializeBean(AbstractAutowireCapableBeanFactory.java:1698)
	at org.springframework.beans.factory.support.AbstractAutowireCapableBeanFactory.doCreateBean(AbstractAutowireCapableBeanFactory.java:579)
	at org.springframework.beans.factory.support.AbstractAutowireCapableBeanFactory.createBean(AbstractAutowireCapableBeanFactory.java:501)
	at org.springframework.beans.factory.support.AbstractBeanFactory.lambda$doGetBean$0(AbstractBeanFactory.java:317)
	at org.springframework.beans.factory.support.DefaultSingletonBeanRegistry.getSingleton(DefaultSingletonBeanRegistry.java:228)
	at org.springframework.beans.factory.support.AbstractBeanFactory.doGetBean(AbstractBeanFactory.java:315)
	at org.springframework.beans.factory.support.AbstractBeanFactory.getBean(AbstractBeanFactory.java:199)
	at org.springframework.beans.factory.support.DefaultListableBeanFactory.preInstantiateSingletons(DefaultListableBeanFactory.java:760)
	at org.springframework.context.support.AbstractApplicationContext.finishBeanFactoryInitialization(AbstractApplicationContext.java:869)
	at org.springframework.context.support.AbstractApplicationContext.refresh(AbstractApplicationContext.java:550)
	at org.springframework.boot.SpringApplication.refresh(SpringApplication.java:759)
	at org.springframework.boot.SpringApplication.refreshContext(SpringApplication.java:395)
	at org.springframework.boot.SpringApplication.run(SpringApplication.java:327)
	at org.springframework.boot.SpringApplication.run(SpringApplication.java:1255)
	at org.springframework.boot.SpringApplication.run(SpringApplication.java:1243)
	at org.poem.SpringShellJavaApplication.main(SpringShellJavaApplication.java:10)
Caused by: java.lang.IllegalArgumentException: Illegal registration for class  'testCommand' , method 'public void org.poem.shell.TestCommand.method(java.lang.String,java.lang.String,java.lang.String) throws java.io.FileNotFoundException': Attempt to register both parameter short Name 'i'(i) and 'id'(id)
	at org.poem.config.ShellMethodTargetRegistrar$1.validateShortName(ShellMethodTargetRegistrar.java:114)
	at org.poem.config.ShellMethodTargetRegistrar$1.doWith(ShellMethodTargetRegistrar.java:81)
	at org.springframework.util.ReflectionUtils.doWithMethods(ReflectionUtils.java:562)
	at org.poem.config.ShellMethodTargetRegistrar.register(ShellMethodTargetRegistrar.java:65)
	at sun.reflect.NativeMethodAccessorImpl.invoke0(Native Method)
	at sun.reflect.NativeMethodAccessorImpl.invoke(NativeMethodAccessorImpl.java:62)
	at sun.reflect.DelegatingMethodAccessorImpl.invoke(DelegatingMethodAccessorImpl.java:43)
	at java.lang.reflect.Method.invoke(Method.java:498)
	at org.springframework.beans.factory.annotation.InitDestroyAnnotationBeanPostProcessor$LifecycleElement.invoke(InitDestroyAnnotationBeanPostProcessor.java:365)
	at org.springframework.beans.factory.annotation.InitDestroyAnnotationBeanPostProcessor$LifecycleMetadata.invokeInitMethods(InitDestroyAnnotationBeanPostProcessor.java:308)
	at org.springframework.beans.factory.annotation.InitDestroyAnnotationBeanPostProcessor.postProcessBeforeInitialization(InitDestroyAnnotationBeanPostProcessor.java:135)
	... 17 common frames omitted
[Shell] 2018-05-17 01:00:38 [main] INFO  o.p.SpringShellJavaApplication: Starting SpringShellJavaApplication on DESKTOP-A83HJIE with PID 6792 (E:\12-myFolder\25_spring-shell-java\spring-shell-java\target\classes started by poem in E:\12-myFolder\25_spring-shell-java\spring-shell-java)
[Shell] 2018-05-17 01:00:38 [main] INFO  o.p.SpringShellJavaApplication: No active profile set, falling back to default profiles: default
[Shell] 2018-05-17 01:00:38 [main] ERROR o.s.b.SpringApplication: Application run failed
org.springframework.beans.factory.BeanCreationException: Error creating bean with name 'methodTargetRegistrar': Invocation of init method failed; nested exception is java.lang.IllegalArgumentException: Illegal registration for class  'testCommand' , method 'public void org.poem.shell.TestCommand.method(java.lang.String,java.lang.String,java.lang.String) throws java.io.FileNotFoundException': Attempt to register both parameter short Name 'i'(id) and 'i'(id)
	at org.springframework.beans.factory.annotation.InitDestroyAnnotationBeanPostProcessor.postProcessBeforeInitialization(InitDestroyAnnotationBeanPostProcessor.java:138)
	at org.springframework.beans.factory.support.AbstractAutowireCapableBeanFactory.applyBeanPostProcessorsBeforeInitialization(AbstractAutowireCapableBeanFactory.java:422)
	at org.springframework.beans.factory.support.AbstractAutowireCapableBeanFactory.initializeBean(AbstractAutowireCapableBeanFactory.java:1698)
	at org.springframework.beans.factory.support.AbstractAutowireCapableBeanFactory.doCreateBean(AbstractAutowireCapableBeanFactory.java:579)
	at org.springframework.beans.factory.support.AbstractAutowireCapableBeanFactory.createBean(AbstractAutowireCapableBeanFactory.java:501)
	at org.springframework.beans.factory.support.AbstractBeanFactory.lambda$doGetBean$0(AbstractBeanFactory.java:317)
	at org.springframework.beans.factory.support.DefaultSingletonBeanRegistry.getSingleton(DefaultSingletonBeanRegistry.java:228)
	at org.springframework.beans.factory.support.AbstractBeanFactory.doGetBean(AbstractBeanFactory.java:315)
	at org.springframework.beans.factory.support.AbstractBeanFactory.getBean(AbstractBeanFactory.java:199)
	at org.springframework.beans.factory.support.DefaultListableBeanFactory.preInstantiateSingletons(DefaultListableBeanFactory.java:760)
	at org.springframework.context.support.AbstractApplicationContext.finishBeanFactoryInitialization(AbstractApplicationContext.java:869)
	at org.springframework.context.support.AbstractApplicationContext.refresh(AbstractApplicationContext.java:550)
	at org.springframework.boot.SpringApplication.refresh(SpringApplication.java:759)
	at org.springframework.boot.SpringApplication.refreshContext(SpringApplication.java:395)
	at org.springframework.boot.SpringApplication.run(SpringApplication.java:327)
	at org.springframework.boot.SpringApplication.run(SpringApplication.java:1255)
	at org.springframework.boot.SpringApplication.run(SpringApplication.java:1243)
	at org.poem.SpringShellJavaApplication.main(SpringShellJavaApplication.java:10)
Caused by: java.lang.IllegalArgumentException: Illegal registration for class  'testCommand' , method 'public void org.poem.shell.TestCommand.method(java.lang.String,java.lang.String,java.lang.String) throws java.io.FileNotFoundException': Attempt to register both parameter short Name 'i'(id) and 'i'(id)
	at org.poem.config.ShellMethodTargetRegistrar$1.validateShortName(ShellMethodTargetRegistrar.java:114)
	at org.poem.config.ShellMethodTargetRegistrar$1.doWith(ShellMethodTargetRegistrar.java:81)
	at org.springframework.util.ReflectionUtils.doWithMethods(ReflectionUtils.java:562)
	at org.poem.config.ShellMethodTargetRegistrar.register(ShellMethodTargetRegistrar.java:65)
	at sun.reflect.NativeMethodAccessorImpl.invoke0(Native Method)
	at sun.reflect.NativeMethodAccessorImpl.invoke(NativeMethodAccessorImpl.java:62)
	at sun.reflect.DelegatingMethodAccessorImpl.invoke(DelegatingMethodAccessorImpl.java:43)
	at java.lang.reflect.Method.invoke(Method.java:498)
	at org.springframework.beans.factory.annotation.InitDestroyAnnotationBeanPostProcessor$LifecycleElement.invoke(InitDestroyAnnotationBeanPostProcessor.java:365)
	at org.springframework.beans.factory.annotation.InitDestroyAnnotationBeanPostProcessor$LifecycleMetadata.invokeInitMethods(InitDestroyAnnotationBeanPostProcessor.java:308)
	at org.springframework.beans.factory.annotation.InitDestroyAnnotationBeanPostProcessor.postProcessBeforeInitialization(InitDestroyAnnotationBeanPostProcessor.java:135)
	... 17 common frames omitted
[Shell] 2018-05-17 01:01:49 [main] INFO  o.p.SpringShellJavaApplication: Starting SpringShellJavaApplication on DESKTOP-A83HJIE with PID 2952 (E:\12-myFolder\25_spring-shell-java\spring-shell-java\target\classes started by poem in E:\12-myFolder\25_spring-shell-java\spring-shell-java)
[Shell] 2018-05-17 01:01:49 [main] INFO  o.p.SpringShellJavaApplication: No active profile set, falling back to default profiles: default
[Shell] 2018-05-17 01:01:49 [main] ERROR o.s.b.SpringApplication: Application run failed
org.springframework.beans.factory.BeanCreationException: Error creating bean with name 'methodTargetRegistrar': Invocation of init method failed; nested exception is java.lang.IllegalArgumentException: Illegal registration for class  'testCommand' , method 'public void org.poem.shell.TestCommand.method(java.lang.String,java.lang.String,java.lang.String) throws java.io.FileNotFoundException': Attempt to register both parameter short Name 'i'(null) and 'i'(id)
	at org.springframework.beans.factory.annotation.InitDestroyAnnotationBeanPostProcessor.postProcessBeforeInitialization(InitDestroyAnnotationBeanPostProcessor.java:138)
	at org.springframework.beans.factory.support.AbstractAutowireCapableBeanFactory.applyBeanPostProcessorsBeforeInitialization(AbstractAutowireCapableBeanFactory.java:422)
	at org.springframework.beans.factory.support.AbstractAutowireCapableBeanFactory.initializeBean(AbstractAutowireCapableBeanFactory.java:1698)
	at org.springframework.beans.factory.support.AbstractAutowireCapableBeanFactory.doCreateBean(AbstractAutowireCapableBeanFactory.java:579)
	at org.springframework.beans.factory.support.AbstractAutowireCapableBeanFactory.createBean(AbstractAutowireCapableBeanFactory.java:501)
	at org.springframework.beans.factory.support.AbstractBeanFactory.lambda$doGetBean$0(AbstractBeanFactory.java:317)
	at org.springframework.beans.factory.support.DefaultSingletonBeanRegistry.getSingleton(DefaultSingletonBeanRegistry.java:228)
	at org.springframework.beans.factory.support.AbstractBeanFactory.doGetBean(AbstractBeanFactory.java:315)
	at org.springframework.beans.factory.support.AbstractBeanFactory.getBean(AbstractBeanFactory.java:199)
	at org.springframework.beans.factory.support.DefaultListableBeanFactory.preInstantiateSingletons(DefaultListableBeanFactory.java:760)
	at org.springframework.context.support.AbstractApplicationContext.finishBeanFactoryInitialization(AbstractApplicationContext.java:869)
	at org.springframework.context.support.AbstractApplicationContext.refresh(AbstractApplicationContext.java:550)
	at org.springframework.boot.SpringApplication.refresh(SpringApplication.java:759)
	at org.springframework.boot.SpringApplication.refreshContext(SpringApplication.java:395)
	at org.springframework.boot.SpringApplication.run(SpringApplication.java:327)
	at org.springframework.boot.SpringApplication.run(SpringApplication.java:1255)
	at org.springframework.boot.SpringApplication.run(SpringApplication.java:1243)
	at org.poem.SpringShellJavaApplication.main(SpringShellJavaApplication.java:10)
Caused by: java.lang.IllegalArgumentException: Illegal registration for class  'testCommand' , method 'public void org.poem.shell.TestCommand.method(java.lang.String,java.lang.String,java.lang.String) throws java.io.FileNotFoundException': Attempt to register both parameter short Name 'i'(null) and 'i'(id)
	at org.poem.config.ShellMethodTargetRegistrar$1.validateShortName(ShellMethodTargetRegistrar.java:114)
	at org.poem.config.ShellMethodTargetRegistrar$1.doWith(ShellMethodTargetRegistrar.java:81)
	at org.springframework.util.ReflectionUtils.doWithMethods(ReflectionUtils.java:562)
	at org.poem.config.ShellMethodTargetRegistrar.register(ShellMethodTargetRegistrar.java:65)
	at sun.reflect.NativeMethodAccessorImpl.invoke0(Native Method)
	at sun.reflect.NativeMethodAccessorImpl.invoke(NativeMethodAccessorImpl.java:62)
	at sun.reflect.DelegatingMethodAccessorImpl.invoke(DelegatingMethodAccessorImpl.java:43)
	at java.lang.reflect.Method.invoke(Method.java:498)
	at org.springframework.beans.factory.annotation.InitDestroyAnnotationBeanPostProcessor$LifecycleElement.invoke(InitDestroyAnnotationBeanPostProcessor.java:365)
	at org.springframework.beans.factory.annotation.InitDestroyAnnotationBeanPostProcessor$LifecycleMetadata.invokeInitMethods(InitDestroyAnnotationBeanPostProcessor.java:308)
	at org.springframework.beans.factory.annotation.InitDestroyAnnotationBeanPostProcessor.postProcessBeforeInitialization(InitDestroyAnnotationBeanPostProcessor.java:135)
	... 17 common frames omitted
[Shell] 2018-05-17 01:02:05 [main] INFO  o.p.SpringShellJavaApplication: Starting SpringShellJavaApplication on DESKTOP-A83HJIE with PID 6580 (E:\12-myFolder\25_spring-shell-java\spring-shell-java\target\classes started by poem in E:\12-myFolder\25_spring-shell-java\spring-shell-java)
[Shell] 2018-05-17 01:02:05 [main] INFO  o.p.SpringShellJavaApplication: No active profile set, falling back to default profiles: default
[Shell] 2018-05-17 01:02:36 [main] INFO  o.p.SpringShellJavaApplication: Starting SpringShellJavaApplication on DESKTOP-A83HJIE with PID 6780 (E:\12-myFolder\25_spring-shell-java\spring-shell-java\target\classes started by poem in E:\12-myFolder\25_spring-shell-java\spring-shell-java)
[Shell] 2018-05-17 01:02:36 [main] INFO  o.p.SpringShellJavaApplication: No active profile set, falling back to default profiles: default
[Shell] 2018-05-17 01:02:39 [main] ERROR o.s.b.SpringApplication: Application run failed
org.springframework.beans.factory.BeanCreationException: Error creating bean with name 'methodTargetRegistrar': Invocation of init method failed; nested exception is java.lang.IllegalArgumentException: Illegal registration for class  'testCommand' , method 'public void org.poem.shell.TestCommand.method(java.lang.String,java.lang.String,java.lang.String) throws java.io.FileNotFoundException': Attempt to register both parameter short Name 'i'(ip) and 'i'(id)
	at org.springframework.beans.factory.annotation.InitDestroyAnnotationBeanPostProcessor.postProcessBeforeInitialization(InitDestroyAnnotationBeanPostProcessor.java:138)
	at org.springframework.beans.factory.support.AbstractAutowireCapableBeanFactory.applyBeanPostProcessorsBeforeInitialization(AbstractAutowireCapableBeanFactory.java:422)
	at org.springframework.beans.factory.support.AbstractAutowireCapableBeanFactory.initializeBean(AbstractAutowireCapableBeanFactory.java:1698)
	at org.springframework.beans.factory.support.AbstractAutowireCapableBeanFactory.doCreateBean(AbstractAutowireCapableBeanFactory.java:579)
	at org.springframework.beans.factory.support.AbstractAutowireCapableBeanFactory.createBean(AbstractAutowireCapableBeanFactory.java:501)
	at org.springframework.beans.factory.support.AbstractBeanFactory.lambda$doGetBean$0(AbstractBeanFactory.java:317)
	at org.springframework.beans.factory.support.DefaultSingletonBeanRegistry.getSingleton(DefaultSingletonBeanRegistry.java:228)
	at org.springframework.beans.factory.support.AbstractBeanFactory.doGetBean(AbstractBeanFactory.java:315)
	at org.springframework.beans.factory.support.AbstractBeanFactory.getBean(AbstractBeanFactory.java:199)
	at org.springframework.beans.factory.support.DefaultListableBeanFactory.preInstantiateSingletons(DefaultListableBeanFactory.java:760)
	at org.springframework.context.support.AbstractApplicationContext.finishBeanFactoryInitialization(AbstractApplicationContext.java:869)
	at org.springframework.context.support.AbstractApplicationContext.refresh(AbstractApplicationContext.java:550)
	at org.springframework.boot.SpringApplication.refresh(SpringApplication.java:759)
	at org.springframework.boot.SpringApplication.refreshContext(SpringApplication.java:395)
	at org.springframework.boot.SpringApplication.run(SpringApplication.java:327)
	at org.springframework.boot.SpringApplication.run(SpringApplication.java:1255)
	at org.springframework.boot.SpringApplication.run(SpringApplication.java:1243)
	at org.poem.SpringShellJavaApplication.main(SpringShellJavaApplication.java:10)
Caused by: java.lang.IllegalArgumentException: Illegal registration for class  'testCommand' , method 'public void org.poem.shell.TestCommand.method(java.lang.String,java.lang.String,java.lang.String) throws java.io.FileNotFoundException': Attempt to register both parameter short Name 'i'(ip) and 'i'(id)
	at org.poem.config.ShellMethodTargetRegistrar$1.validateShortName(ShellMethodTargetRegistrar.java:114)
	at org.poem.config.ShellMethodTargetRegistrar$1.doWith(ShellMethodTargetRegistrar.java:81)
	at org.springframework.util.ReflectionUtils.doWithMethods(ReflectionUtils.java:562)
	at org.poem.config.ShellMethodTargetRegistrar.register(ShellMethodTargetRegistrar.java:65)
	at sun.reflect.NativeMethodAccessorImpl.invoke0(Native Method)
	at sun.reflect.NativeMethodAccessorImpl.invoke(NativeMethodAccessorImpl.java:62)
	at sun.reflect.DelegatingMethodAccessorImpl.invoke(DelegatingMethodAccessorImpl.java:43)
	at java.lang.reflect.Method.invoke(Method.java:498)
	at org.springframework.beans.factory.annotation.InitDestroyAnnotationBeanPostProcessor$LifecycleElement.invoke(InitDestroyAnnotationBeanPostProcessor.java:365)
	at org.springframework.beans.factory.annotation.InitDestroyAnnotationBeanPostProcessor$LifecycleMetadata.invokeInitMethods(InitDestroyAnnotationBeanPostProcessor.java:308)
	at org.springframework.beans.factory.annotation.InitDestroyAnnotationBeanPostProcessor.postProcessBeforeInitialization(InitDestroyAnnotationBeanPostProcessor.java:135)
	... 17 common frames omitted
[Shell] 2018-05-17 01:03:09 [main] INFO  o.p.SpringShellJavaApplication: Starting SpringShellJavaApplication on DESKTOP-A83HJIE with PID 2396 (E:\12-myFolder\25_spring-shell-java\spring-shell-java\target\classes started by poem in E:\12-myFolder\25_spring-shell-java\spring-shell-java)
[Shell] 2018-05-17 01:03:09 [main] INFO  o.p.SpringShellJavaApplication: No active profile set, falling back to default profiles: default
[Shell] 2018-05-17 01:03:09 [main] ERROR o.s.b.SpringApplication: Application run failed
org.springframework.beans.factory.BeanCreationException: Error creating bean with name 'methodTargetRegistrar': Invocation of init method failed; nested exception is java.lang.IllegalArgumentException: Illegal registration for class  'testCommand' , method 'public void org.poem.shell.TestCommand.method(java.lang.String,java.lang.String,java.lang.String) throws java.io.FileNotFoundException': Attempt to register both parameter option '-i'(ip) and '-i'(id)
	at org.springframework.beans.factory.annotation.InitDestroyAnnotationBeanPostProcessor.postProcessBeforeInitialization(InitDestroyAnnotationBeanPostProcessor.java:138)
	at org.springframework.beans.factory.support.AbstractAutowireCapableBeanFactory.applyBeanPostProcessorsBeforeInitialization(AbstractAutowireCapableBeanFactory.java:422)
	at org.springframework.beans.factory.support.AbstractAutowireCapableBeanFactory.initializeBean(AbstractAutowireCapableBeanFactory.java:1698)
	at org.springframework.beans.factory.support.AbstractAutowireCapableBeanFactory.doCreateBean(AbstractAutowireCapableBeanFactory.java:579)
	at org.springframework.beans.factory.support.AbstractAutowireCapableBeanFactory.createBean(AbstractAutowireCapableBeanFactory.java:501)
	at org.springframework.beans.factory.support.AbstractBeanFactory.lambda$doGetBean$0(AbstractBeanFactory.java:317)
	at org.springframework.beans.factory.support.DefaultSingletonBeanRegistry.getSingleton(DefaultSingletonBeanRegistry.java:228)
	at org.springframework.beans.factory.support.AbstractBeanFactory.doGetBean(AbstractBeanFactory.java:315)
	at org.springframework.beans.factory.support.AbstractBeanFactory.getBean(AbstractBeanFactory.java:199)
	at org.springframework.beans.factory.support.DefaultListableBeanFactory.preInstantiateSingletons(DefaultListableBeanFactory.java:760)
	at org.springframework.context.support.AbstractApplicationContext.finishBeanFactoryInitialization(AbstractApplicationContext.java:869)
	at org.springframework.context.support.AbstractApplicationContext.refresh(AbstractApplicationContext.java:550)
	at org.springframework.boot.SpringApplication.refresh(SpringApplication.java:759)
	at org.springframework.boot.SpringApplication.refreshContext(SpringApplication.java:395)
	at org.springframework.boot.SpringApplication.run(SpringApplication.java:327)
	at org.springframework.boot.SpringApplication.run(SpringApplication.java:1255)
	at org.springframework.boot.SpringApplication.run(SpringApplication.java:1243)
	at org.poem.SpringShellJavaApplication.main(SpringShellJavaApplication.java:10)
Caused by: java.lang.IllegalArgumentException: Illegal registration for class  'testCommand' , method 'public void org.poem.shell.TestCommand.method(java.lang.String,java.lang.String,java.lang.String) throws java.io.FileNotFoundException': Attempt to register both parameter option '-i'(ip) and '-i'(id)
	at org.poem.config.ShellMethodTargetRegistrar$1.validateShortName(ShellMethodTargetRegistrar.java:114)
	at org.poem.config.ShellMethodTargetRegistrar$1.doWith(ShellMethodTargetRegistrar.java:81)
	at org.springframework.util.ReflectionUtils.doWithMethods(ReflectionUtils.java:562)
	at org.poem.config.ShellMethodTargetRegistrar.register(ShellMethodTargetRegistrar.java:65)
	at sun.reflect.NativeMethodAccessorImpl.invoke0(Native Method)
	at sun.reflect.NativeMethodAccessorImpl.invoke(NativeMethodAccessorImpl.java:62)
	at sun.reflect.DelegatingMethodAccessorImpl.invoke(DelegatingMethodAccessorImpl.java:43)
	at java.lang.reflect.Method.invoke(Method.java:498)
	at org.springframework.beans.factory.annotation.InitDestroyAnnotationBeanPostProcessor$LifecycleElement.invoke(InitDestroyAnnotationBeanPostProcessor.java:365)
	at org.springframework.beans.factory.annotation.InitDestroyAnnotationBeanPostProcessor$LifecycleMetadata.invokeInitMethods(InitDestroyAnnotationBeanPostProcessor.java:308)
	at org.springframework.beans.factory.annotation.InitDestroyAnnotationBeanPostProcessor.postProcessBeforeInitialization(InitDestroyAnnotationBeanPostProcessor.java:135)
	... 17 common frames omitted
